-------------------------------------------------------------
--- for qualifying rounds (vs cheese,teriyaki,clubhouse) ---  
              vs cheese    vs teriyaki    vs clubhouse
winning rate:      1.00           0.20            0.20
onekill win :      0.25           0.00            0.20
onekill lose:      0.00           0.00            0.40
my_score:         12.75           5.40            5.00
enemy_score:       6.75           8.40            8.80

number of games: 4
total_winning_rate   :  0.04
total_onekill_rate   :  0.00
total_score(my)      :  23.15
total_score(enemy)   :  80.67
total_score(my-enemy):  -57.52

--- for final rounds ---  
              vs enemy_bot_level4    vs enemy_bot_level5    vs enemy_bot_level6    vs enemy_bot_level7    vs enemy_bot_level8
winning rate:                0.00                   0.00                   0.00                   0.00                   0.00
onekill win :                0.00                   0.00                   0.00                   0.00                   0.00
onekill lose:                0.00                   0.40                   0.00                   0.60                   0.00
my_score:                    0.00                   6.60                   0.00                   4.60                   0.00
enemy_score:                 0.00                  14.00                   0.00                  12.80                   0.00
--
              vs enemy_bot_level9    vs enemy_bot_level10    vs enemy_bot_level11    vs enemy_bot_level12
winning rate:                0.00                    0.00                    0.20                    0.00
onekill win :                0.00                    0.00                    0.00                    0.00
onekill lose:                0.20                    0.00                    0.80                    0.00
my_score:                    4.40                    0.00                    4.20                    6.80
enemy_score:                11.20                    0.00                   12.00                   12.80

number of games: 5
# each enemy_bot is maybe following... in detail, please see enemy_bot/README.md
#  - level4: old seigot
#  - level5: 0xDEADBEEF
#  - level6: sugarman
#  - level7: raucha(ikepoyo)
#  - level8: Gantetsu
#  - level9: YusukeMori3250(Tokuyo-Unagi)
#  - level10: Arthur-MA2(X-ranger)
#  - level11: shunsuke-f(sampleprogram)
#  - level12: maou
