-------------------------------------------------------------
--- for qualifying rounds (vs cheese,teriyaki,clubhouse) ---  
              vs cheese    vs teriyaki    vs clubhouse
winning rate:      1.00           1.00            0.80
onekill win :      0.00           0.40            0.00
onekill lose:      0.00           0.00            0.00
my_score:          8.00           7.20            2.80
enemy_score:       1.00           1.00            2.60

number of games: 4
total_winning_rate   :  0.80
total_onekill_rate   :  0.00
total_score(my)      :  18.00
total_score(enemy)   :  3.60
total_score(my-enemy):  14.40

--- for final rounds ---  
              vs enemy_bot_level4    vs enemy_bot_level5    vs enemy_bot_level6    vs enemy_bot_level7    vs enemy_bot_level8
winning rate:                0.00                   1.00                   0.00                   1.00                   0.00
onekill win :                0.00                   0.40                   0.00                   0.20                   0.00
onekill lose:                0.00                   0.00                   0.00                   0.00                   0.00
my_score:                    0.00                  12.40                   0.00                   9.20                   0.00
enemy_score:                 0.00                   6.40                   0.00                   4.20                   0.00
--
              vs enemy_bot_level9    vs enemy_bot_level10    vs enemy_bot_level11    vs enemy_bot_level12
winning rate:                1.00                    0.00                    1.00                    0.20
onekill win :                0.00                    0.00                    0.80                    0.00
onekill lose:                0.00                    0.00                    0.00                    0.00
my_score:                    5.60                    0.00                   11.20                    6.00
enemy_score:                 1.60                    0.00                    1.80                    7.00

number of games: 5
# each enemy_bot is maybe following... in detail, please see enemy_bot/README.md
#  - level4: old seigot
#  - level5: 0xDEADBEEF
#  - level6: sugarman
#  - level7: raucha(ikepoyo)
#  - level8: Gantetsu
#  - level9: YusukeMori3250(Tokuyo-Unagi)
#  - level10: Arthur-MA2(X-ranger)
#  - level11: shunsuke-f(sampleprogram)
#  - level12: maou
